10/13/2023 09:49:40 PM : INFO : *************** Test_001_Login Page Title *****************
10/13/2023 09:49:40 PM : INFO : ****Started Login page title test ****
10/13/2023 09:49:40 PM : INFO : ****Opening URL****
10/13/2023 09:49:59 PM : INFO : **** Login page title test passed ****
10/13/2023 09:50:04 PM : INFO : *************** Test_002_Home Page Login *****************
10/13/2023 09:50:04 PM : INFO : ****Started Login Test****
10/13/2023 09:50:18 PM : INFO : ****Login test passed ****
10/13/2023 11:18:15 PM : INFO : *************** Test_002_Home Page Login *****************
10/13/2023 11:18:15 PM : INFO : ****Started Login Test****
10/13/2023 11:18:15 PM : INFO : *************** Test_001_Login Page Title *****************
10/13/2023 11:18:15 PM : INFO : ****Started Login page title test ****
10/13/2023 11:18:15 PM : INFO : ****Opening URL****
10/13/2023 11:18:28 PM : INFO : **** Login page title test passed ****
10/13/2023 11:18:29 PM : INFO : ****Login test passed ****
10/13/2023 11:19:50 PM : INFO : *************** Test_001_Login Page Title *****************
10/13/2023 11:19:50 PM : INFO : ****Started Login page title test ****
10/13/2023 11:19:50 PM : INFO : ****Opening URL****
10/13/2023 11:19:50 PM : INFO : *************** Test_002_Home Page Login *****************
10/13/2023 11:19:50 PM : INFO : ****Started Login Test****
10/13/2023 11:20:03 PM : INFO : **** Login page title test passed ****
10/13/2023 11:20:05 PM : INFO : ****Login test passed ****
10/13/2023 11:25:26 PM : INFO : *************** Test_001_Login Page Title *****************
10/13/2023 11:25:26 PM : INFO : ****Started Login page title test ****
10/13/2023 11:25:26 PM : INFO : ****Opening URL****
10/13/2023 11:25:26 PM : INFO : *************** Test_002_Home Page Login *****************
10/13/2023 11:25:26 PM : INFO : ****Started Login Test****
10/13/2023 11:25:42 PM : INFO : ****Login test passed ****
10/13/2023 11:25:45 PM : INFO : **** Login page title test passed ****
10/13/2023 11:26:53 PM : INFO : *************** Test_001_Login Page Title *****************
10/13/2023 11:26:53 PM : INFO : ****Started Login page title test ****
10/13/2023 11:26:53 PM : INFO : ****Opening URL****
10/13/2023 11:26:53 PM : INFO : *************** Test_002_Home Page Login *****************
10/13/2023 11:26:53 PM : INFO : ****Started Login Test****
10/13/2023 11:27:06 PM : INFO : **** Login page title test passed ****
10/13/2023 11:27:08 PM : INFO : ****Login test passed ****
10/13/2023 11:34:32 PM : INFO : *************** Test_002_Home Page Login *****************
10/13/2023 11:34:32 PM : INFO : ****Started Login Test****
10/13/2023 11:34:32 PM : INFO : *************** Test_001_Login Page Title *****************
10/13/2023 11:34:32 PM : INFO : ****Started Login page title test ****
10/13/2023 11:34:32 PM : INFO : ****Opening URL****
10/13/2023 11:34:45 PM : INFO : **** Login page title test passed ****
10/13/2023 11:34:46 PM : INFO : ****Login test passed ****
10/13/2023 11:36:57 PM : INFO : *************** Test_002_Home Page Login *****************
10/13/2023 11:36:57 PM : INFO : ****Started Login Test****
10/13/2023 11:36:57 PM : INFO : *************** Test_001_Login Page Title *****************
10/13/2023 11:36:57 PM : INFO : ****Started Login page title test ****
10/13/2023 11:36:57 PM : INFO : ****Opening URL****
10/13/2023 11:37:10 PM : INFO : **** Login page title test passed ****
10/13/2023 11:37:17 PM : INFO : ****Login test passed ****
10/13/2023 11:43:47 PM : INFO : *************** Test_002_Home Page Login *****************
10/13/2023 11:43:47 PM : INFO : ****Started Login Test****
10/13/2023 11:43:47 PM : INFO : *************** Test_001_Login Page Title *****************
10/13/2023 11:43:47 PM : INFO : ****Started Login page title test ****
10/13/2023 11:43:47 PM : INFO : ****Opening URL****
10/13/2023 11:44:04 PM : INFO : **** Login page title test passed ****
10/13/2023 11:44:05 PM : INFO : ****Login test passed ****
10/13/2023 11:44:49 PM : INFO : *************** Test_002_Home Page Login *****************
10/13/2023 11:44:49 PM : INFO : ****Started Login Test****
10/13/2023 11:44:49 PM : INFO : *************** Test_001_Login Page Title *****************
10/13/2023 11:44:49 PM : INFO : ****Started Login page title test ****
10/13/2023 11:44:49 PM : INFO : ****Opening URL****
10/13/2023 11:45:05 PM : INFO : **** Login page title test passed ****
10/13/2023 11:45:07 PM : INFO : ****Login test passed ****
10/13/2023 11:46:12 PM : INFO : *************** Test_001_Login Page Title *****************
10/13/2023 11:46:12 PM : INFO : ****Started Login page title test ****
10/13/2023 11:46:12 PM : INFO : ****Opening URL****
10/13/2023 11:46:12 PM : INFO : *************** Test_002_Home Page Login *****************
10/13/2023 11:46:12 PM : INFO : ****Started Login Test****
10/13/2023 11:46:28 PM : INFO : **** Login page title test passed ****
10/13/2023 11:46:29 PM : INFO : ****Login test passed ****
10/13/2023 11:49:22 PM : INFO : *************** Test_001_Login Page Title *****************
10/13/2023 11:49:22 PM : INFO : ****Started Login Test****
 test ****
10/13/2023 11:49:22 PM : INFO : ****Opening URL****
10/13/2023 11:49:37 PM : INFO : **** Login page title test passed ****
10/13/2023 11:49:39 PM : INFO : ****Login test passed ****
10/13/2023 11:50:52 PM : INFO : *************** Test_002_Home Page Login *****************
10/13/2023 11:50:52 PM : INFO : ****Started Login Test****
10/13/2023 11:50:52 PM : INFO : *************** Test_001_Login Page Title *****************
10/13/2023 11:50:52 PM : INFO : ****Started Login page title test ****
10/13/2023 11:50:52 PM : INFO : ****Opening URL****
10/13/2023 11:51:07 PM : INFO : **** Login page title test passed ****
10/13/2023 11:51:09 PM : INFO : ****Login test passed ****
10/13/2023 11:53:57 PM : INFO : *************** Test_001_Login Page Title *****************
10/13/2023 11:53:57 PM : INFO : ****Started Login page title test ****
10/13/2023 11:53:57 PM : INFO : ****Opening URL****
10/13/2023 11:53:57 PM : INFO : *************** Test_002_Home Page Login *****************
10/13/2023 11:53:57 PM : INFO : ****Started Login Test****
10/13/2023 11:54:12 PM : INFO : **** Login page title test passed ****
10/13/2023 11:54:13 PM : INFO : ****Login test passed ****
10/13/2023 11:55:32 PM : INFO : *************** Test_001_Login Page Title *****************
10/13/2023 11:55:32 PM : INFO : ****Started Login page title test ****
10/13/2023 11:55:32 PM : INFO : ****Opening URL****
10/13/2023 11:55:32 PM : INFO : *************** Test_002_Home Page Login *****************
10/13/2023 11:55:32 PM : INFO : ****Started Login Test****
10/13/2023 11:55:47 PM : INFO : **** Login page title test passed ****
10/13/2023 11:55:49 PM : INFO : ****Login test passed ****
10/13/2023 11:58:05 PM : INFO : *************** Test_002_Home Page Login *****************
10/13/2023 11:58:05 PM : INFO : ****Started Login Test****
10/13/2023 11:58:05 PM : INFO : *************** Test_001_Login Page Title *****************
10/13/2023 11:58:05 PM : INFO : ****Started Login page title test ****
10/13/2023 11:58:05 PM : INFO : ****Opening URL****
10/13/2023 11:58:20 PM : INFO : **** Login page title test passed ****
10/13/2023 11:58:22 PM : INFO : ****Login test passed ****
10/14/2023 12:00:41 AM : INFO : *************** Test_001_Login Page Title *****************
10/14/2023 12:00:41 AM : INFO : ****Started Login page title test ****
10/14/2023 12:00:41 AM : INFO : ****Opening URL****
10/14/2023 12:00:41 AM : INFO : *************** Test_002_Home Page Login *****************
10/14/2023 12:00:41 AM : INFO : ****Started Login Test****
10/14/2023 12:00:56 AM : INFO : **** Login page title test passed ****
10/14/2023 12:00:58 AM : INFO : ****Login test passed ****
10/14/2023 08:02:44 PM : INFO : *************** Test_002_Home Page Login *****************
10/14/2023 08:02:44 PM : INFO : *************** Test_002_Home Page Login *****************
10/14/2023 08:02:44 PM : INFO : ****Started Login Test****
10/14/2023 08:02:44 PM : INFO : ****Started Login Test****
10/14/2023 08:05:30 PM : INFO : *************** Test_002_Home Page Login *****************
10/14/2023 08:05:30 PM : INFO : *************** Test_002_Home Page Login *****************
10/14/2023 08:05:30 PM : INFO : ****Started Login Test****
10/14/2023 08:05:30 PM : INFO : ****Started Login Test****
10/14/2023 08:05:49 PM : INFO : ****Login test passed ****
10/14/2023 08:05:49 PM : INFO : ****Login test passed ****
10/14/2023 08:07:15 PM : INFO : *************** Test_002_Home Page Login *****************
10/14/2023 08:07:15 PM : INFO : *************** Test_002_Home Page Login *****************
10/14/2023 08:07:15 PM : INFO : ****Started Login Test****
10/14/2023 08:07:15 PM : INFO : ****Started Login Test****
10/14/2023 08:07:36 PM : INFO : ****Login test passed ****
10/14/2023 08:07:36 PM : INFO : ****Login test passed ****
10/14/2023 08:12:26 PM : INFO : *************** Test_002_Home Page Login *****************
10/14/2023 08:12:26 PM : INFO : *************** Test_002_Home Page Login *****************
10/14/2023 08:12:26 PM : INFO : ****Started Login Test****
10/14/2023 08:12:26 PM : INFO : ****Started Login Test****
10/14/2023 08:12:45 PM : INFO : ****Login test passed ****
10/14/2023 08:12:45 PM : INFO : ****Login test passed ****
10/14/2023 08:13:26 PM : INFO : *************** Test_002_Home Page Login *****************
10/14/2023 08:13:26 PM : INFO : *************** Test_002_Home Page Login *****************
10/14/2023 08:13:26 PM : INFO : ****Started Login Test****
10/14/2023 08:13:26 PM : INFO : ****Started Login Test****
10/14/2023 08:13:51 PM : INFO : ****Login test passed ****
10/14/2023 08:13:51 PM : INFO : ****Login test passed ****
10/14/2023 08:29:17 PM : INFO : *************** Test_002_Home Page Login *****************
10/14/2023 08:29:17 PM : INFO : *************** Test_002_Home Page Login *****************
10/14/2023 08:29:17 PM : INFO : ****Started Login Test****
10/14/2023 08:29:17 PM : INFO : ****Started Login Test****
10/14/2023 08:32:37 PM : INFO : *************** Test_002_Home Page Login *****************
10/14/2023 08:32:37 PM : INFO : *************** Test_002_Home Page Login *****************
10/14/2023 08:32:37 PM : INFO : ****Started Login Test****
10/14/2023 08:32:37 PM : INFO : ****Started Login Test****
10/14/2023 08:56:07 PM : INFO : *************** Test_DDT_Home Page Login *****************
10/14/2023 08:56:07 PM : INFO : *************** Test_DDT_Home Page Login *****************
10/14/2023 08:56:07 PM : INFO : ****Started Login Test****
10/14/2023 08:56:07 PM : INFO : ****Started Login Test****
10/14/2023 08:58:44 PM : INFO : *************** Test_DDT_Home Page Login *****************
10/14/2023 08:58:44 PM : INFO : *************** Test_DDT_Home Page Login *****************
10/14/2023 08:58:44 PM : INFO : ****Started Login Test****
10/14/2023 08:58:44 PM : INFO : ****Started Login Test****
10/14/2023 09:01:57 PM : INFO : *************** Test_DDT_Home Page Login *****************
10/14/2023 09:01:57 PM : INFO : *************** Test_DDT_Home Page Login *****************
10/14/2023 09:01:57 PM : INFO : ****Started Login Test****
10/14/2023 09:01:57 PM : INFO : ****Started Login Test****
10/14/2023 09:04:50 PM : INFO : *************** Test_DDT_Home Page Login *****************
10/14/2023 09:04:50 PM : INFO : *************** Test_DDT_Home Page Login *****************
10/14/2023 09:04:50 PM : INFO : ****Started Login Test****
10/14/2023 09:04:50 PM : INFO : ****Started Login Test****
10/14/2023 09:07:59 PM : INFO : *************** Test_DDT_Home Page Login *****************
10/14/2023 09:07:59 PM : INFO : *************** Test_DDT_Home Page Login *****************
10/14/2023 09:07:59 PM : INFO : ****Started Login Test****
10/14/2023 09:07:59 PM : INFO : ****Started Login Test****
10/14/2023 09:17:16 PM : INFO : *************** Test_DDT_Home Page Login *****************
10/14/2023 09:17:16 PM : INFO : *************** Test_DDT_Home Page Login *****************
10/14/2023 09:17:16 PM : INFO : ****Started Login Test****
10/14/2023 09:17:16 PM : INFO : ****Started Login Test****
10/14/2023 09:18:27 PM : INFO : *************** Test_DDT_Home Page Login *****************
10/14/2023 09:18:27 PM : INFO : *************** Test_DDT_Home Page Login *****************
10/14/2023 09:18:27 PM : INFO : ****Started Login Test****
10/14/2023 09:18:27 PM : INFO : ****Started Login Test****
10/14/2023 09:20:42 PM : INFO : *************** Test_DDT_Home Page Login *****************
10/14/2023 09:20:42 PM : INFO : *************** Test_DDT_Home Page Login *****************
10/14/2023 09:20:42 PM : INFO : ****Started Login Test****
10/14/2023 09:20:42 PM : INFO : ****Started Login Test****
10/14/2023 09:25:52 PM : INFO : *************** Test_DDT_Home Page Login *****************
10/14/2023 09:25:52 PM : INFO : *************** Test_DDT_Home Page Login *****************
10/14/2023 09:25:52 PM : INFO : ****Started Login Test****
10/14/2023 09:25:52 PM : INFO : ****Started Login Test****
10/14/2023 09:26:43 PM : INFO : *************** Test_DDT_Home Page Login *****************
10/14/2023 09:26:43 PM : INFO : *************** Test_DDT_Home Page Login *****************
10/14/2023 09:26:43 PM : INFO : ****Started Login Test****
10/14/2023 09:26:43 PM : INFO : ****Started Login Test****
10/14/2023 10:41:47 PM : INFO : *************** Test_DDT_Home Page Login *****************
10/14/2023 10:41:47 PM : INFO : *************** Test_DDT_Home Page Login *****************
10/14/2023 10:41:47 PM : INFO : ****Started Login Test****
10/14/2023 10:41:47 PM : INFO : ****Started Login Test****
10/14/2023 10:47:41 PM : INFO : *************** Test_DDT_Home Page Login *****************
10/14/2023 10:47:41 PM : INFO : *************** Test_DDT_Home Page Login *****************
10/14/2023 10:47:41 PM : INFO : ****Started Login Test****
10/14/2023 10:47:41 PM : INFO : ****Started Login Test****
10/14/2023 10:48:46 PM : INFO : *************** Test_DDT_Home Page Login *****************
10/14/2023 10:48:46 PM : INFO : *************** Test_DDT_Home Page Login *****************
10/14/2023 10:48:46 PM : INFO : ****Started Login Test****
10/14/2023 10:48:46 PM : INFO : ****Started Login Test****
10/14/2023 10:53:05 PM : INFO : *************** Test_DDT_Home Page Login *****************
10/14/2023 10:53:05 PM : INFO : *************** Test_DDT_Home Page Login *****************
10/14/2023 10:53:05 PM : INFO : ****Started Login Test****
10/14/2023 10:53:05 PM : INFO : ****Started Login Test****
10/14/2023 10:53:23 PM : INFO : *************** Test_DDT_Home Page Login *****************
10/14/2023 10:53:23 PM : INFO : *************** Test_DDT_Home Page Login *****************
10/14/2023 10:53:23 PM : INFO : ****Started Login Test****
10/14/2023 10:53:23 PM : INFO : ****Started Login Test****
10/14/2023 11:01:46 PM : INFO : *************** Test_DDT_Home Page Login *****************
10/14/2023 11:01:46 PM : INFO : *************** Test_DDT_Home Page Login *****************
10/14/2023 11:01:46 PM : INFO : ****Started Login Test****
10/14/2023 11:01:46 PM : INFO : ****Started Login Test****
10/14/2023 11:02:57 PM : INFO : *************** Test_DDT_Home Page Login *****************
10/14/2023 11:02:57 PM : INFO : *************** Test_DDT_Home Page Login *****************
10/14/2023 11:02:57 PM : INFO : ****Started Login Test****
10/14/2023 11:02:57 PM : INFO : ****Started Login Test****
10/14/2023 11:05:11 PM : INFO : *************** Test_DDT_Home Page Login *****************
10/14/2023 11:05:11 PM : INFO : *************** Test_DDT_Home Page Login *****************
10/14/2023 11:05:11 PM : INFO : ****Started Login Test****
10/14/2023 11:05:11 PM : INFO : ****Started Login Test****
10/14/2023 11:05:45 PM : INFO : *************** Test_DDT_Home Page Login *****************
10/14/2023 11:05:45 PM : INFO : *************** Test_DDT_Home Page Login *****************
10/14/2023 11:05:45 PM : INFO : ****Started Login Test****
10/14/2023 11:05:45 PM : INFO : ****Started Login Test****
10/14/2023 11:06:49 PM : INFO : *************** Test_DDT_Home Page Login *****************
10/14/2023 11:06:49 PM : INFO : *************** Test_DDT_Home Page Login *****************
10/14/2023 11:06:49 PM : INFO : ****Started Login Test****
10/14/2023 11:06:49 PM : INFO : ****Started Login Test****
10/14/2023 11:08:27 PM : INFO : *************** Test_DDT_Home Page Login *****************
10/14/2023 11:08:27 PM : INFO : *************** Test_DDT_Home Page Login *****************
10/14/2023 11:08:27 PM : INFO : ****Started Login Test****
10/14/2023 11:08:27 PM : INFO : ****Started Login Test****
10/14/2023 11:11:27 PM : INFO : *************** Test_DDT_Home Page Login *****************
10/14/2023 11:11:27 PM : INFO : *************** Test_DDT_Home Page Login *****************
10/14/2023 11:11:27 PM : INFO : ****Started Login Test****
10/14/2023 11:11:27 PM : INFO : ****Started Login Test****
10/14/2023 11:12:52 PM : INFO : *************** Test_DDT_Home Page Login *****************
10/14/2023 11:12:52 PM : INFO : *************** Test_DDT_Home Page Login *****************
10/14/2023 11:12:52 PM : INFO : ****Started Login Test****
10/14/2023 11:12:52 PM : INFO : ****Started Login Test****
10/14/2023 11:15:50 PM : INFO : *************** Test_DDT_Home Page Login *****************
10/14/2023 11:15:50 PM : INFO : *************** Test_DDT_Home Page Login *****************
10/14/2023 11:15:50 PM : INFO : ****Started Login Test****
10/14/2023 11:15:50 PM : INFO : ****Started Login Test****
10/14/2023 11:40:14 PM : INFO : *************** Test Add Admin User*****************
10/14/2023 11:40:14 PM : INFO : ****Started Adding User****
10/14/2023 11:40:49 PM : INFO : *************** Test Add Admin User*****************
10/14/2023 11:40:49 PM : INFO : ****Started Adding User****
10/14/2023 11:44:28 PM : INFO : *************** Test Add Admin User*****************
10/14/2023 11:44:28 PM : INFO : ****Started Adding User****
10/14/2023 11:46:03 PM : INFO : *************** Test Add Admin User*****************
10/14/2023 11:46:03 PM : INFO : ****Started Adding User****
10/14/2023 11:47:09 PM : INFO : *************** Test Add Admin User*****************
10/14/2023 11:47:09 PM : INFO : ****Started Adding User****
10/14/2023 11:48:03 PM : INFO : *************** Test Add Admin User*****************
10/14/2023 11:48:03 PM : INFO : ****Started Adding User****
10/15/2023 12:39:19 AM : INFO : *************** Test Add Admin User*****************
10/15/2023 12:39:19 AM : INFO : ****Started Adding User****
10/15/2023 12:44:44 AM : INFO : *************** Test Add Admin User*****************
10/15/2023 12:44:44 AM : INFO : ****Started Adding User****
10/15/2023 01:12:22 AM : INFO : *************** Test Add Admin User*****************
10/15/2023 01:12:22 AM : INFO : ****Started Adding User****
10/15/2023 01:27:40 AM : INFO : *************** Test Add Admin User*****************
10/15/2023 01:27:40 AM : INFO : ****Started Adding User****
10/15/2023 01:29:15 AM : INFO : *************** Test Add Admin User*****************
10/15/2023 01:29:15 AM : INFO : ****Started Adding User****
10/15/2023 01:31:08 AM : INFO : *************** Test Add Admin User*****************
10/15/2023 01:31:08 AM : INFO : ****Started Adding User****
10/15/2023 01:31:38 AM : INFO : *************** Test Add Admin User*****************
10/15/2023 01:31:38 AM : INFO : ****Started Adding User****
10/15/2023 01:32:00 AM : INFO : *************** Ending Add Admin User*****************
10/15/2023 01:32:00 AM : INFO : ****Add User Passed****
10/16/2023 01:44:47 PM : INFO : *************** Test Add Admin User*****************
10/16/2023 01:44:47 PM : INFO : *************** Test Add Admin User*****************
10/16/2023 01:44:47 PM : INFO : *************** Test Add Admin User*****************
10/16/2023 01:44:47 PM : INFO : *************** Test Add Admin User*****************
10/16/2023 01:44:47 PM : INFO : ****Started Adding User****
10/16/2023 01:44:47 PM : INFO : ****Started Adding User****
10/16/2023 01:44:47 PM : INFO : ****Started Adding User****
10/16/2023 01:44:47 PM : INFO : ****Started Adding User****
10/16/2023 01:45:09 PM : INFO : *************** Ending Add Admin User*****************
10/16/2023 01:45:09 PM : INFO : *************** Ending Add Admin User*****************
10/16/2023 01:45:09 PM : INFO : *************** Ending Add Admin User*****************
10/16/2023 01:45:09 PM : INFO : *************** Ending Add Admin User*****************
10/16/2023 01:45:09 PM : INFO : ****Add User Passed****
10/16/2023 01:45:09 PM : INFO : ****Add User Passed****
10/16/2023 01:45:09 PM : INFO : ****Add User Passed****
10/16/2023 01:45:09 PM : INFO : ****Add User Passed****
10/16/2023 01:45:24 PM : INFO : *************** Test_001_Login Page Title *****************
10/16/2023 01:45:24 PM : INFO : *************** Test_001_Login Page Title *****************
10/16/2023 01:45:24 PM : INFO : *************** Test_001_Login Page Title *****************
10/16/2023 01:45:24 PM : INFO : *************** Test_001_Login Page Title *****************
10/16/2023 01:45:24 PM : INFO : ****Started Login page title test ****
10/16/2023 01:45:24 PM : INFO : ****Started Login page title test ****
10/16/2023 01:45:24 PM : INFO : ****Started Login page title test ****
10/16/2023 01:45:24 PM : INFO : ****Started Login page title test ****
10/16/2023 01:45:24 PM : INFO : ****Opening URL****
10/16/2023 01:45:24 PM : INFO : ****Opening URL****
10/16/2023 01:45:24 PM : INFO : ****Opening URL****
10/16/2023 01:45:24 PM : INFO : ****Opening URL****
10/16/2023 01:45:37 PM : INFO : **** Login page title test passed ****
10/16/2023 01:45:37 PM : INFO : **** Login page title test passed ****
10/16/2023 01:45:37 PM : INFO : **** Login page title test passed ****
10/16/2023 01:45:37 PM : INFO : **** Login page title test passed ****
10/16/2023 01:45:41 PM : INFO : *************** Test_002_Home Page Login *****************
10/16/2023 01:45:41 PM : INFO : *************** Test_002_Home Page Login *****************
10/16/2023 01:45:41 PM : INFO : *************** Test_002_Home Page Login *****************
10/16/2023 01:45:41 PM : INFO : *************** Test_002_Home Page Login *****************
10/16/2023 01:45:41 PM : INFO : ****Started Login Test****
10/16/2023 01:45:41 PM : INFO : ****Started Login Test****
10/16/2023 01:45:41 PM : INFO : ****Started Login Test****
10/16/2023 01:45:41 PM : INFO : ****Started Login Test****
10/16/2023 01:45:55 PM : INFO : ****Login test passed ****
10/16/2023 01:45:55 PM : INFO : ****Login test passed ****
10/16/2023 01:45:55 PM : INFO : ****Login test passed ****
10/16/2023 01:45:55 PM : INFO : ****Login test passed ****
10/16/2023 01:45:57 PM : INFO : *************** Test_DDT_Home Page Login *****************
10/16/2023 01:45:57 PM : INFO : *************** Test_DDT_Home Page Login *****************
10/16/2023 01:45:57 PM : INFO : *************** Test_DDT_Home Page Login *****************
10/16/2023 01:45:57 PM : INFO : *************** Test_DDT_Home Page Login *****************
10/16/2023 01:45:57 PM : INFO : ****Started Login Test****
10/16/2023 01:45:57 PM : INFO : ****Started Login Test****
10/16/2023 01:45:57 PM : INFO : ****Started Login Test****
10/16/2023 01:45:57 PM : INFO : ****Started Login Test****
10/18/2023 12:57:06 AM : INFO : *************** Test_001_Login Page Title *****************
10/18/2023 12:57:06 AM : INFO : *************** Test_001_Login Page Title *****************
10/18/2023 12:57:06 AM : INFO : *************** Test_001_Login Page Title *****************
10/18/2023 12:57:06 AM : INFO : *************** Test_001_Login Page Title *****************
10/18/2023 12:57:06 AM : INFO : ****Started Login page title test ****
10/18/2023 12:57:06 AM : INFO : ****Started Login page title test ****
10/18/2023 12:57:06 AM : INFO : ****Started Login page title test ****
10/18/2023 12:57:06 AM : INFO : ****Started Login page title test ****
10/18/2023 12:57:06 AM : INFO : ****Opening URL****
10/18/2023 12:57:06 AM : INFO : ****Opening URL****
10/18/2023 12:57:06 AM : INFO : ****Opening URL****
10/18/2023 12:57:06 AM : INFO : ****Opening URL****
10/18/2023 12:57:19 AM : INFO : **** Login page title test passed ****
10/18/2023 12:57:19 AM : INFO : **** Login page title test passed ****
10/18/2023 12:57:19 AM : INFO : **** Login page title test passed ****
10/18/2023 12:57:19 AM : INFO : **** Login page title test passed ****
10/18/2023 12:57:23 AM : INFO : *************** Test_002_Home Page Login *****************
10/18/2023 12:57:23 AM : INFO : *************** Test_002_Home Page Login *****************
10/18/2023 12:57:23 AM : INFO : *************** Test_002_Home Page Login *****************
10/18/2023 12:57:23 AM : INFO : *************** Test_002_Home Page Login *****************
10/18/2023 12:57:23 AM : INFO : ****Started Login Test****
10/18/2023 12:57:23 AM : INFO : ****Started Login Test****
10/18/2023 12:57:23 AM : INFO : ****Started Login Test****
10/18/2023 12:57:23 AM : INFO : ****Started Login Test****
10/18/2023 12:57:38 AM : INFO : ****Login test passed ****
10/18/2023 12:57:38 AM : INFO : ****Login test passed ****
10/18/2023 12:57:38 AM : INFO : ****Login test passed ****
10/18/2023 12:57:38 AM : INFO : ****Login test passed ****
10/18/2023 12:57:39 AM : INFO : *************** Test_DDT_Home Page Login *****************
10/18/2023 12:57:39 AM : INFO : *************** Test_DDT_Home Page Login *****************
10/18/2023 12:57:39 AM : INFO : *************** Test_DDT_Home Page Login *****************
10/18/2023 12:57:39 AM : INFO : *************** Test_DDT_Home Page Login *****************
10/18/2023 12:57:39 AM : INFO : ****Started Login Test****
10/18/2023 12:57:39 AM : INFO : ****Started Login Test****
10/18/2023 12:57:39 AM : INFO : ****Started Login Test****
10/18/2023 12:57:39 AM : INFO : ****Started Login Test****
10/18/2023 12:59:09 AM : INFO : *************** Test_001_Login Page Title *****************
10/18/2023 12:59:09 AM : INFO : *************** Test_001_Login Page Title *****************
10/18/2023 12:59:09 AM : INFO : *************** Test_001_Login Page Title *****************
10/18/2023 12:59:09 AM : INFO : *************** Test_001_Login Page Title *****************
10/18/2023 12:59:09 AM : INFO : ****Started Login page title test ****
10/18/2023 12:59:09 AM : INFO : ****Started Login page title test ****
10/18/2023 12:59:09 AM : INFO : ****Started Login page title test ****
10/18/2023 12:59:09 AM : INFO : ****Started Login page title test ****
10/18/2023 12:59:09 AM : INFO : ****Opening URL****
10/18/2023 12:59:09 AM : INFO : ****Opening URL****
10/18/2023 12:59:09 AM : INFO : ****Opening URL****
10/18/2023 12:59:09 AM : INFO : ****Opening URL****
